[01/08/2026 19:26:41][INFO] - ============================================================
[01/08/2026 19:26:41][INFO] - Training Configuration:
[01/08/2026 19:26:41][INFO] - data_root: data/crowdsat
[01/08/2026 19:26:41][INFO] - num_classes: 2
[01/08/2026 19:26:41][INFO] - epoch: 150
[01/08/2026 19:26:41][INFO] - batch_size: 8
[01/08/2026 19:26:41][INFO] - lr: 0.0003
[01/08/2026 19:26:41][INFO] - weight_decay: 0.0001
[01/08/2026 19:26:41][INFO] - bilinear: True
[01/08/2026 19:26:41][INFO] - output_dir: weights
[01/08/2026 19:26:41][INFO] - save: weights\best_model.pth
[01/08/2026 19:26:41][INFO] - print_freq: 8
[01/08/2026 19:26:41][INFO] - device: cuda
[01/08/2026 19:26:41][INFO] - radius: 2
[01/08/2026 19:26:41][INFO] - lmds_kernel_size: 3
[01/08/2026 19:26:41][INFO] - lmds_adapt_ts: 0.5
[01/08/2026 19:26:41][INFO] - checkpoint: best
[01/08/2026 19:26:41][INFO] - select_mode: max
[01/08/2026 19:26:41][INFO] - validate_on: mAP
[01/08/2026 19:26:41][INFO] - ============================================================
[01/08/2026 19:26:41][INFO] - Model created and moved to cuda
[01/08/2026 19:26:41][INFO] - Train dataset size: 10357
[01/08/2026 19:26:41][INFO] - Val dataset size: 704
[01/08/2026 19:26:41][INFO] - Start Training:
[01/08/2026 19:26:41][INFO] - ============================================================
[01/08/2026 19:26:41][INFO] - Epoch 1/150
[01/08/2026 19:26:41][INFO] - ============================================================
[01/08/2026 19:27:43][INFO] - Epoch/Iter [150:  1/161].  First:0.092(0.100)  Second:0.000(0.000)  Loss:0.092(0.100)  
[01/08/2026 19:28:45][INFO] - Epoch/Iter [150:  1/322].  First:0.041(0.052)  Second:0.000(0.000)  Loss:0.041(0.052)  
[01/08/2026 19:29:47][INFO] - Epoch/Iter [150:  1/483].  First:0.043(0.035)  Second:0.000(0.000)  Loss:0.043(0.035)  
